
> my-app@0.1.0 dev
> next dev

⚠ Warning: Next.js inferred your workspace root, but it may not be correct.
 We detected multiple lockfiles and selected the directory of /Users/alkhastvatsaev/package-lock.json as the root directory.
 To silence this warning, set `turbopack.root` in your Next.js config, or consider removing one of the lockfiles if it's not needed.
   See https://nextjs.org/docs/app/api-reference/config/next-config-js/turbopack#root-directory for more information.
 Detected additional lockfiles: 
   * /Users/alkhastvatsaev/SCRAP/package-lock.json

▲ Next.js 16.1.6 (Turbopack)
- Local:         http://localhost:3000
- Network:       http://192.168.1.98:3000
- Environments: .env.local

✓ Starting...
✓ Ready in 658ms
 GET / 200 in 519ms (compile: 447ms, render: 72ms)
 GET / 200 in 53ms (compile: 4ms, render: 49ms)
Firebase Admin Initialization error: Error: Failed to parse private key: Error: Invalid PEM formatted message.
    at module evaluation (src/lib/firebaseAdmin.ts:10:36)
    at module evaluation (src/lib/db.ts:3:1)
    at module evaluation (src/app/api/leads/route.ts:2:1)
    at Object.<anonymous> (.next/dev/server/app/api/leads/route.js:5:3)
   8 |   try {
   9 |     admin.initializeApp({
> 10 |       credential: admin.credential.cert({
     |                                    ^
  11 |         projectId,
  12 |         clientEmail,
  13 |         // Nettoyage de la clé privée pour gérer les retours à la ligne \n {
  errorInfo: [Object],
  codePrefix: 'app'
}
 GET /api/leads 200 in 260ms (compile: 243ms, render: 16ms)
✓ Compiled in 175ms
 GET /api/leads 200 in 20ms (compile: 5ms, render: 14ms)
(node:1793) [DEP0169] DeprecationWarning: `url.parse()` behavior is not standardized and prone to errors that have security implications. Use the WHATWG URL API instead. CVEs are not issued for `url.parse()` vulnerabilities.
(Use `node --trace-deprecation ...` to show where the warning was created)
Blocking email to alkhastvatsaev@icloud.com - Status: undefined
 POST /api/email 422 in 345ms (compile: 117ms, render: 228ms)
 GET / 200 in 103ms (compile: 47ms, render: 56ms)
 GET /api/leads 200 in 4ms (compile: 1306µs, render: 3ms)
Dispatch error: Tags should only contain ASCII letters, numbers, underscores, or dashes.
 POST /api/email 500 in 499ms (compile: 54ms, render: 445ms)
Dispatch error: You can only send testing emails to your own email address (alkhastvatsaev@gmail.com). To send emails to other recipients, please verify a domain at resend.com/domains, and change the `from` address to an email using this domain.
 POST /api/email 500 in 406ms (compile: 40ms, render: 365ms)
Email delivered to alkhastvatsaev@gmail.com. ID: c88a9498-31bc-4a32-9d37-71073c308d14
 POST /api/email 200 in 420ms (compile: 9ms, render: 410ms)
 GET / 200 in 50ms (compile: 9ms, render: 42ms)
 GET /api/leads 200 in 4ms (compile: 1031µs, render: 3ms)
 GET /sw.js 404 in 105ms (compile: 64ms, render: 41ms)
 GET / 200 in 49ms (compile: 7ms, render: 42ms)
 GET /api/leads 200 in 10ms (compile: 5ms, render: 4ms)
 GET /sw.js 404 in 41ms (compile: 7ms, render: 33ms)
  Reload env: .env.local
 GET / 200 in 133ms (compile: 53ms, render: 79ms)
 GET / 200 in 132ms (compile: 104ms, render: 28ms)
